<?xml version="1.0" encoding="UTF-8"?>
<!-- Generated by org.testng.reporters.JUnitReportReporter -->
<testsuite hostname="SANJEEV" failures="0" tests="1" name="com.cheapoair.ca.E2EFlightSearchRoundTrip" time="40.769" errors="0" timestamp="22 Nov 2024 19:27:18 GMT" skipped="0">
  <testcase classname="com.cheapoair.ca.E2EFlightSearchRoundTrip" name="flightSearchCanadaToIndia" time="40.769"/>
</testsuite> <!-- com.cheapoair.ca.E2EFlightSearchRoundTrip -->
